<?xml version="1.0" encoding="UTF-8"?>
<testng-results skipped="0" failed="0" ignored="0" total="0" passed="0">
  <reporter-output>
  </reporter-output>
  <suite name="Suite" duration-ms="245" started-at="2020-06-05T09:11:16Z" finished-at="2020-06-05T09:11:16Z">
    <groups>
      <group name="cucumber">
        <method signature="AbstractTestNGCucumberTests.runScenario(io.cucumber.testng.PickleEventWrapper, io.cucumber.testng.CucumberFeatureWrapper)[pri:0, instance:com.rediff.CucumberOptions.RediffRunner@6cc7b4de]" name="runScenario" class="io.cucumber.testng.AbstractTestNGCucumberTests"/>
      </group> <!-- cucumber -->
    </groups>
    <test name="RediffRunnerTest" duration-ms="245" started-at="2020-06-05T09:11:16Z" finished-at="2020-06-05T09:11:16Z">
      <class name="com.rediff.CucumberOptions.RediffRunner">
        <test-method status="PASS" signature="setUpClass()[pri:0, instance:com.rediff.CucumberOptions.RediffRunner@6cc7b4de]" name="setUpClass" is-config="true" duration-ms="193" started-at="2020-06-05T09:11:16Z" finished-at="2020-06-05T09:11:16Z">
          <reporter-output>
          </reporter-output>
        </test-method> <!-- setUpClass -->
        <test-method status="PASS" signature="tearDownClass()[pri:0, instance:com.rediff.CucumberOptions.RediffRunner@6cc7b4de]" name="tearDownClass" is-config="true" duration-ms="1" started-at="2020-06-05T09:11:16Z" finished-at="2020-06-05T09:11:16Z">
          <reporter-output>
          </reporter-output>
        </test-method> <!-- tearDownClass -->
      </class> <!-- com.rediff.CucumberOptions.RediffRunner -->
    </test> <!-- RediffRunnerTest -->
  </suite> <!-- Suite -->
</testng-results>
